
dc3dd 7.2.646 started at 2021-04-21 16:21:43 +0000
compiled options:
command line: dc3dd if=/dev/sdb3 of=/home/kali/hello1.dd hash=md5 log=/home/kali/Raspberry-Pi4-Forensics/ForinApp/Logs/hello1.log
device size: 32768 sectors (probed),       16,777,216 bytes
sector size: 512 bytes (probed)
    16777216 bytes ( 16 M ) copied ( 100% ), 0.302869 s, 53 M/s

input results for device `/dev/sdb3':
   32768 sectors in
   0 bad sectors replaced by zeros
   0216c6db932b6732f4cdfb13e201791a (md5)

output results for file `/home/kali/hello1.dd':
   32768 sectors out

dc3dd completed at 2021-04-21 16:21:43 +0000


dc3dd 7.2.646 started at 2021-04-21 16:21:56 +0000
compiled options:
command line: dc3dd if=/dev/sdb3 of=/home/kali/hello1.dd hash=md5 log=/home/kali/Raspberry-Pi4-Forensics/ForinApp/Logs/hello1.log
device size: 32768 sectors (probed),       16,777,216 bytes
sector size: 512 bytes (probed)
    16777216 bytes ( 16 M ) copied ( 100% ), 0.403241 s, 40 M/s

input results for device `/dev/sdb3':
   32768 sectors in
   0 bad sectors replaced by zeros
   0216c6db932b6732f4cdfb13e201791a (md5)

output results for file `/home/kali/hello1.dd':
   32768 sectors out

dc3dd completed at 2021-04-21 16:21:57 +0000


dc3dd 7.2.646 started at 2021-04-21 16:22:39 +0000
compiled options:
command line: dc3dd if=/dev/sdb3 of=/home/kali/hello1.dd hash=md5 log=/home/kali/Raspberry-Pi4-Forensics/ForinApp/Logs/hello1.log
device size: 32768 sectors (probed),       16,777,216 bytes
sector size: 512 bytes (probed)
    16777216 bytes ( 16 M ) copied ( 100% ), 0.405355 s, 39 M/s

input results for device `/dev/sdb3':
   32768 sectors in
   0 bad sectors replaced by zeros
   0216c6db932b6732f4cdfb13e201791a (md5)

output results for file `/home/kali/hello1.dd':
   32768 sectors out

dc3dd completed at 2021-04-21 16:22:39 +0000

